Build started 17/03/2015 10:14:23.
     1>Project "c:\Users\Ben\Desktop\FYP\FinalYearProject\box2d\heybox2d\build_heybox2d_vc11\HeyBox2D_vc11.vcxproj" on node 2 (Build target(s)).
     1>ClCompile:
         C:\Marmalade\7.4\s3e\bin\CL.exe /c /Ic:/marmalade/7.4/modules/legacy/iw2d/h /Ic:/marmalade/7.4/modules/iwgeom/h /Ic:/marmalade/7.4/modules/iwutil/h /Ic:/marmalade/7.4/modules/third_party/libjpeg/h /Ic:/marmalade/7.4/modules/third_party/zlib/h /Ic:/marmalade/7.4/modules/third_party/libpng/h /Ic:/marmalade/7.4/modules/legacy/iwresmanager/h /Ic:/marmalade/7.4/modules/legacy/iwgx/h /Ic:/marmalade/7.4/modules/iwgl/h /Ic:/marmalade/7.4/modules/legacy/iwgxfont/h /Ic:/marmalade/7.4/modules/third_party/tiniconv/source /Ic:/marmalade/7.4/examples/examplescore /Ic:/users/ben/desktop/fyp/finalyearproject/box2d /Ic:/marmalade/7.4/s3e/h /Ic:/marmalade/7.4/s3e/h/ext /Ic:/marmalade/7.4/s3e/h/std /Ic:/marmalade/7.4/s3e/h/std/c++ /I. /Z7 /nologo /W3 /WX /MP /Od /Oy- /X /Gm- /EHsc /RTC1 /MTd /GS /Gy /fp:precise /Zc:wchar_t /Zc:forScope /Fo"Debug_HeyBox2D_vc11_gcc_arm\\" /Fd"Debug_HeyBox2D_vc11_gcc_arm\vc110.pdb" /Gd /TP /analyze- /errorReport:prompt /S3Eproject /J /Fe"s3e-custom-tool='c:/marmalade/7.4/s3e/gcc/win32/bin/arm-none-eabi-gcc.exe' tooltype=gcc_compiler -funsigned-char -fno-strict-aliasing -fno-stack-protector -fno-short-enums -fshort-wchar -Wall -fomit-frame-pointer -fmessage-length=0 -Werror -save-temps -ffunction-sections -mstructure-size-boundary=8 -march=armv6 -mfloat-abi=soft -mthumb-interwork -mword-relocations -Wno-psabi -fvisibility=hidden -nostdinc -fPIC --cppflag=-Wno-reorder --cppflag=-fvisibility-inlines-hidden --cppflag=-fno-exceptions --cppflag=-nostdinc++ -g -O0 -gdwarf-2" /FD  /FI"c:\Users\Ben\Desktop\FYP\FinalYearProject\box2d\heybox2d\build_heybox2d_vc11\temp_defines_debug.h" c:\marmalade\7.4\examples\examplescore\ExamplesMain.cpp ..\HeyBox2D.cpp ..\..\Box2D\Common\b2BlockAllocator.cpp ..\..\Box2D\Dynamics\b2Body.cpp ..\..\Box2D\Collision\b2BroadPhase.cpp ..\..\Box2D\Dynamics\Contacts\b2ChainAndCircleContact.cpp ..\..\Box2D\Dynamics\Contacts\b2ChainAndPolygonContact.cpp ..\..\Box2D\Collision\Shapes\b2ChainShape.cpp ..\..\Box2D\Dynamics\Contacts\b2CircleContact.cpp ..\..\Box2D\Collision\Shapes\b2CircleShape.cpp ..\..\Box2D\Collision\b2CollideCircle.cpp ..\..\Box2D\Collision\b2CollideEdge.cpp ..\..\Box2D\Collision\b2CollidePolygon.cpp ..\..\Box2D\Collision\b2Collision.cpp ..\..\Box2D\Dynamics\Contacts\b2Contact.cpp ..\..\Box2D\Dynamics\b2ContactManager.cpp ..\..\Box2D\Dynamics\Contacts\b2ContactSolver.cpp ..\..\Box2D\Collision\b2Distance.cpp ..\..\Box2D\Dynamics\Joints\b2DistanceJoint.cpp ..\..\Box2D\Common\b2Draw.cpp ..\..\Box2D\Collision\b2DynamicTree.cpp ..\..\Box2D\Dynamics\Contacts\b2EdgeAndCircleContact.cpp ..\..\Box2D\Dynamics\Contacts\b2EdgeAndPolygonContact.cpp ..\..\Box2D\Collision\Shapes\b2EdgeShape.cpp ..\..\Box2D\Dynamics\b2Fixture.cpp ..\..\Box2D\Dynamics\Joints\b2FrictionJoint.cpp ..\..\Box2D\Dynamics\Joints\b2GearJoint.cpp ..\..\Box2D\Dynamics\b2Island.cpp ..\..\Box2D\Dynamics\Joints\b2Joint.cpp ..\..\Box2D\Common\b2Math.cpp ..\..\Box2D\Dynamics\Joints\b2MotorJoint.cpp ..\..\Box2D\Dynamics\Joints\b2MouseJoint.cpp ..\..\Box2D\Dynamics\Contacts\b2PolygonAndCircleContact.cpp ..\..\Box2D\Dynamics\Contacts\b2PolygonContact.cpp ..\..\Box2D\Collision\Shapes\b2PolygonShape.cpp ..\..\Box2D\Dynamics\Joints\b2PrismaticJoint.cpp ..\..\Box2D\Dynamics\Joints\b2PulleyJoint.cpp ..\..\Box2D\Dynamics\Joints\b2RevoluteJoint.cpp ..\..\Box2D\Rope\b2Rope.cpp ..\..\Box2D\Dynamics\Joints\b2RopeJoint.cpp ..\..\Box2D\Common\b2Settings.cpp ..\..\Box2D\Common\b2StackAllocator.cpp ..\..\Box2D\Collision\b2TimeOfImpact.cpp ..\..\Box2D\Common\b2Timer.cpp ..\..\Box2D\Dynamics\Joints\b2WeldJoint.cpp ..\..\Box2D\Dynamics\Joints\b2WheelJoint.cpp ..\..\Box2D\Dynamics\b2World.cpp ..\..\Box2D\Dynamics\b2WorldCallbacks.cpp
         ARM Compiling(GCC) c:\marmalade\7.4\examples\examplescore\ExamplesMain.cpp ...
         ARM Compiling(GCC) c:\Users\Ben\Desktop\FYP\FinalYearProject\box2d\heybox2d\HeyBox2D.cpp ...
         ARM Compiling(GCC) c:\Users\Ben\Desktop\FYP\FinalYearProject\box2d\Box2D\Common\b2BlockAllocator.cpp ...
         ARM Compiling(GCC) c:\Users\Ben\Desktop\FYP\FinalYearProject\box2d\Box2D\Dynamics\b2Body.cpp ...
         ARM Compiling(GCC) c:\Users\Ben\Desktop\FYP\FinalYearProject\box2d\Box2D\Collision\b2BroadPhase.cpp ...
         ARM Compiling(GCC) c:\Users\Ben\Desktop\FYP\FinalYearProject\box2d\Box2D\Dynamics\Contacts\b2ChainAndCircleContact.cpp ...
         ARM Compiling(GCC) c:\Users\Ben\Desktop\FYP\FinalYearProject\box2d\Box2D\Dynamics\Contacts\b2ChainAndPolygonContact.cpp ...
         ARM Compiling(GCC) c:\Users\Ben\Desktop\FYP\FinalYearProject\box2d\Box2D\Collision\Shapes\b2ChainShape.cpp ...
         ARM Compiling(GCC) c:\Users\Ben\Desktop\FYP\FinalYearProject\box2d\Box2D\Dynamics\Contacts\b2CircleContact.cpp ...
         ARM Compiling(GCC) c:\Users\Ben\Desktop\FYP\FinalYearProject\box2d\Box2D\Collision\Shapes\b2CircleShape.cpp ...
         ARM Compiling(GCC) c:\Users\Ben\Desktop\FYP\FinalYearProject\box2d\Box2D\Collision\b2CollideCircle.cpp ...
         ARM Compiling(GCC) c:\Users\Ben\Desktop\FYP\FinalYearProject\box2d\Box2D\Collision\b2CollideEdge.cpp ...
         ARM Compiling(GCC) c:\Users\Ben\Desktop\FYP\FinalYearProject\box2d\Box2D\Collision\b2CollidePolygon.cpp ...
         ARM Compiling(GCC) c:\Users\Ben\Desktop\FYP\FinalYearProject\box2d\Box2D\Collision\b2Collision.cpp ...
         ARM Compiling(GCC) c:\Users\Ben\Desktop\FYP\FinalYearProject\box2d\Box2D\Dynamics\Contacts\b2Contact.cpp ...
         ARM Compiling(GCC) c:\Users\Ben\Desktop\FYP\FinalYearProject\box2d\Box2D\Dynamics\b2ContactManager.cpp ...
         ARM Compiling(GCC) c:\Users\Ben\Desktop\FYP\FinalYearProject\box2d\Box2D\Dynamics\Contacts\b2ContactSolver.cpp ...
         ARM Compiling(GCC) c:\Users\Ben\Desktop\FYP\FinalYearProject\box2d\Box2D\Collision\b2Distance.cpp ...
         ARM Compiling(GCC) c:\Users\Ben\Desktop\FYP\FinalYearProject\box2d\Box2D\Dynamics\Joints\b2DistanceJoint.cpp ...
         ARM Compiling(GCC) c:\Users\Ben\Desktop\FYP\FinalYearProject\box2d\Box2D\Common\b2Draw.cpp ...
         ARM Compiling(GCC) c:\Users\Ben\Desktop\FYP\FinalYearProject\box2d\Box2D\Collision\b2DynamicTree.cpp ...
         ARM Compiling(GCC) c:\Users\Ben\Desktop\FYP\FinalYearProject\box2d\Box2D\Dynamics\Contacts\b2EdgeAndCircleContact.cpp ...
         ARM Compiling(GCC) c:\Users\Ben\Desktop\FYP\FinalYearProject\box2d\Box2D\Dynamics\Contacts\b2EdgeAndPolygonContact.cpp ...
         ARM Compiling(GCC) c:\Users\Ben\Desktop\FYP\FinalYearProject\box2d\Box2D\Collision\Shapes\b2EdgeShape.cpp ...
         ARM Compiling(GCC) c:\Users\Ben\Desktop\FYP\FinalYearProject\box2d\Box2D\Dynamics\b2Fixture.cpp ...
         ARM Compiling(GCC) c:\Users\Ben\Desktop\FYP\FinalYearProject\box2d\Box2D\Dynamics\Joints\b2FrictionJoint.cpp ...
         ARM Compiling(GCC) c:\Users\Ben\Desktop\FYP\FinalYearProject\box2d\Box2D\Dynamics\Joints\b2GearJoint.cpp ...
         ARM Compiling(GCC) c:\Users\Ben\Desktop\FYP\FinalYearProject\box2d\Box2D\Dynamics\b2Island.cpp ...
         ARM Compiling(GCC) c:\Users\Ben\Desktop\FYP\FinalYearProject\box2d\Box2D\Dynamics\Joints\b2Joint.cpp ...
         ARM Compiling(GCC) c:\Users\Ben\Desktop\FYP\FinalYearProject\box2d\Box2D\Common\b2Math.cpp ...
         ARM Compiling(GCC) c:\Users\Ben\Desktop\FYP\FinalYearProject\box2d\Box2D\Dynamics\Joints\b2MotorJoint.cpp ...
         ARM Compiling(GCC) c:\Users\Ben\Desktop\FYP\FinalYearProject\box2d\Box2D\Dynamics\Joints\b2MouseJoint.cpp ...
         ARM Compiling(GCC) c:\Users\Ben\Desktop\FYP\FinalYearProject\box2d\Box2D\Dynamics\Contacts\b2PolygonAndCircleContact.cpp ...
         ARM Compiling(GCC) c:\Users\Ben\Desktop\FYP\FinalYearProject\box2d\Box2D\Dynamics\Contacts\b2PolygonContact.cpp ...
         ARM Compiling(GCC) c:\Users\Ben\Desktop\FYP\FinalYearProject\box2d\Box2D\Collision\Shapes\b2PolygonShape.cpp ...
         ARM Compiling(GCC) c:\Users\Ben\Desktop\FYP\FinalYearProject\box2d\Box2D\Dynamics\Joints\b2PrismaticJoint.cpp ...
         ARM Compiling(GCC) c:\Users\Ben\Desktop\FYP\FinalYearProject\box2d\Box2D\Dynamics\Joints\b2PulleyJoint.cpp ...
         ARM Compiling(GCC) c:\Users\Ben\Desktop\FYP\FinalYearProject\box2d\Box2D\Dynamics\Joints\b2RevoluteJoint.cpp ...
         ARM Compiling(GCC) c:\Users\Ben\Desktop\FYP\FinalYearProject\box2d\Box2D\Rope\b2Rope.cpp ...
         ARM Compiling(GCC) c:\Users\Ben\Desktop\FYP\FinalYearProject\box2d\Box2D\Dynamics\Joints\b2RopeJoint.cpp ...
         ARM Compiling(GCC) c:\Users\Ben\Desktop\FYP\FinalYearProject\box2d\Box2D\Common\b2Settings.cpp ...
         ARM Compiling(GCC) c:\Users\Ben\Desktop\FYP\FinalYearProject\box2d\Box2D\Common\b2StackAllocator.cpp ...
         ARM Compiling(GCC) c:\Users\Ben\Desktop\FYP\FinalYearProject\box2d\Box2D\Collision\b2TimeOfImpact.cpp ...
         ARM Compiling(GCC) c:\Users\Ben\Desktop\FYP\FinalYearProject\box2d\Box2D\Common\b2Timer.cpp ...
         ARM Compiling(GCC) c:\Users\Ben\Desktop\FYP\FinalYearProject\box2d\Box2D\Dynamics\Joints\b2WeldJoint.cpp ...
         ARM Compiling(GCC) c:\Users\Ben\Desktop\FYP\FinalYearProject\box2d\Box2D\Dynamics\Joints\b2WheelJoint.cpp ...
         ARM Compiling(GCC) c:\Users\Ben\Desktop\FYP\FinalYearProject\box2d\Box2D\Dynamics\b2World.cpp ...
         ARM Compiling(GCC) c:\Users\Ben\Desktop\FYP\FinalYearProject\box2d\Box2D\Dynamics\b2WorldCallbacks.cpp ...
       Link:
         C:\Marmalade\7.4\s3e\bin\link.exe /ERRORREPORT:PROMPT /OUT:"Debug_HeyBox2D_vc11_gcc_arm\HeyBox2D.s3e" /INCREMENTAL /NOLOGO /LIBPATH:c:/marmalade/7.4/modules/legacy/iw2d/lib/arm/v6/nofpu/soft /LIBPATH:c:/marmalade/7.4/modules/iwgeom/lib/arm/v6/nofpu/soft /LIBPATH:c:/marmalade/7.4/modules/iwutil/lib/arm/v6/nofpu/soft /LIBPATH:c:/marmalade/7.4/modules/third_party/libjpeg/lib/arm/v6/nofpu/soft /LIBPATH:c:/marmalade/7.4/modules/third_party/zlib/lib/arm/v6/nofpu/soft /LIBPATH:c:/marmalade/7.4/modules/third_party/libpng/lib/arm/v6/nofpu/soft /LIBPATH:c:/marmalade/7.4/modules/legacy/iwresmanager/lib/arm/v6/nofpu/soft /LIBPATH:c:/marmalade/7.4/modules/legacy/iwgx/atitools /LIBPATH:c:/marmalade/7.4/modules/legacy/iwgx/lib/arm/v6/nofpu/soft /LIBPATH:c:/marmalade/7.4/modules/iwgl/lib/arm/v6/nofpu/soft /LIBPATH:c:/marmalade/7.4/modules/legacy/iwgxfont/lib/arm/v6/nofpu/soft /LIBPATH:c:/marmalade/7.4/modules/third_party/tiniconv/lib/arm/v6/nofpu/soft /LIBPATH:c:/marmalade/7.4/s3e/lib/arm/v6/nofpu/soft /NODEFAULTLIB:libcmt /MANIFEST:NO /PDB:"Debug_HeyBox2D_vc11_gcc_arm\HeyBox2D.pdb" /SUBSYSTEM:WINDOWS /OPT:NOREF /OPT:NOICF /TLBID:1 /DYNAMICBASE /NXCOMPAT /IMPLIB:"Debug_HeyBox2D_vc11_gcc_arm\HeyBox2D.lib" /MACHINE:X86  /include:_IwMain /include:_raise /include:_DllEntryPoint@12/COMMENT:"s3e-custom-tool='c:/marmalade/7.4/s3e/gcc/win32/bin/arm-none-eabi-g++.exe' tooltype=gcc_linker -Wl,--gc-sections -Wl,--as-needed -march=armv6 -mfloat-abi=soft -mthumb-interwork -pie -Wl,--entry=_IwMain -Wl,--no-enum-size-warning -Wl,-Tlinker_script -lc -lm -Wl,-Map='Debug_HeyBox2D_vc11_gcc_arm\/HeyBox2D.map' -Wl,--start-group -liw2d_d -liwgeom_d -liwutil_d -ljpeg_d -lz_d -lpng_d -liwresmanager_d -liwgx_d -liwgl_d -liwgxfont_d -ltiniconv_d -ls3e_cpp_d -ls3e_d -ls3e_api_iwgl -Wl,--end-group --plink:--arch=armv6 --plink:--compiler=rvct --plink:-u" /DLL Debug_HeyBox2D_vc11_gcc_arm\ExamplesMain.obj
         Debug_HeyBox2D_vc11_gcc_arm\HeyBox2D.obj
         Debug_HeyBox2D_vc11_gcc_arm\b2BlockAllocator.obj
         Debug_HeyBox2D_vc11_gcc_arm\b2Body.obj
         Debug_HeyBox2D_vc11_gcc_arm\b2BroadPhase.obj
         Debug_HeyBox2D_vc11_gcc_arm\b2ChainAndCircleContact.obj
         Debug_HeyBox2D_vc11_gcc_arm\b2ChainAndPolygonContact.obj
         Debug_HeyBox2D_vc11_gcc_arm\b2ChainShape.obj
         Debug_HeyBox2D_vc11_gcc_arm\b2CircleContact.obj
         Debug_HeyBox2D_vc11_gcc_arm\b2CircleShape.obj
         Debug_HeyBox2D_vc11_gcc_arm\b2CollideCircle.obj
         Debug_HeyBox2D_vc11_gcc_arm\b2CollideEdge.obj
         Debug_HeyBox2D_vc11_gcc_arm\b2CollidePolygon.obj
         Debug_HeyBox2D_vc11_gcc_arm\b2Collision.obj
         Debug_HeyBox2D_vc11_gcc_arm\b2Contact.obj
         Debug_HeyBox2D_vc11_gcc_arm\b2ContactManager.obj
         Debug_HeyBox2D_vc11_gcc_arm\b2ContactSolver.obj
         Debug_HeyBox2D_vc11_gcc_arm\b2Distance.obj
         Debug_HeyBox2D_vc11_gcc_arm\b2DistanceJoint.obj
         Debug_HeyBox2D_vc11_gcc_arm\b2Draw.obj
         Debug_HeyBox2D_vc11_gcc_arm\b2DynamicTree.obj
         Debug_HeyBox2D_vc11_gcc_arm\b2EdgeAndCircleContact.obj
         Debug_HeyBox2D_vc11_gcc_arm\b2EdgeAndPolygonContact.obj
         Debug_HeyBox2D_vc11_gcc_arm\b2EdgeShape.obj
         Debug_HeyBox2D_vc11_gcc_arm\b2Fixture.obj
         Debug_HeyBox2D_vc11_gcc_arm\b2FrictionJoint.obj
         Debug_HeyBox2D_vc11_gcc_arm\b2GearJoint.obj
         Debug_HeyBox2D_vc11_gcc_arm\b2Island.obj
         Debug_HeyBox2D_vc11_gcc_arm\b2Joint.obj
         Debug_HeyBox2D_vc11_gcc_arm\b2Math.obj
         Debug_HeyBox2D_vc11_gcc_arm\b2MotorJoint.obj
         Debug_HeyBox2D_vc11_gcc_arm\b2MouseJoint.obj
         Debug_HeyBox2D_vc11_gcc_arm\b2PolygonAndCircleContact.obj
         Debug_HeyBox2D_vc11_gcc_arm\b2PolygonContact.obj
         Debug_HeyBox2D_vc11_gcc_arm\b2PolygonShape.obj
         Debug_HeyBox2D_vc11_gcc_arm\b2PrismaticJoint.obj
         Debug_HeyBox2D_vc11_gcc_arm\b2PulleyJoint.obj
         Debug_HeyBox2D_vc11_gcc_arm\b2RevoluteJoint.obj
         Debug_HeyBox2D_vc11_gcc_arm\b2Rope.obj
         Debug_HeyBox2D_vc11_gcc_arm\b2RopeJoint.obj
         Debug_HeyBox2D_vc11_gcc_arm\b2Settings.obj
         Debug_HeyBox2D_vc11_gcc_arm\b2StackAllocator.obj
         Debug_HeyBox2D_vc11_gcc_arm\b2TimeOfImpact.obj
         Debug_HeyBox2D_vc11_gcc_arm\b2Timer.obj
         Debug_HeyBox2D_vc11_gcc_arm\b2WeldJoint.obj
         Debug_HeyBox2D_vc11_gcc_arm\b2WheelJoint.obj
         Debug_HeyBox2D_vc11_gcc_arm\b2World.obj
         Debug_HeyBox2D_vc11_gcc_arm\b2WorldCallbacks.obj
         ARM Linking(GCC) ...
         HeyBox2D_vc11.vcxproj -> c:\Users\Ben\Desktop\FYP\FinalYearProject\box2d\heybox2d\build_heybox2d_vc11\Debug_HeyBox2D_vc11_gcc_arm\HeyBox2D.s3e
       PostBuildEvent:
         echo C:\Marmalade\7.4\s3e\python\python.exe .\process_map.py "c:\Users\Ben\Desktop\FYP\FinalYearProject\box2d\heybox2d\build_heybox2d_vc11\Debug_HeyBox2D_vc11_gcc_arm\HeyBox2D.s3e"
         chdir /d "c:\marmalade\7.4\s3e\tools"
         C:\Marmalade\7.4\s3e\python\python.exe .\process_map.py "c:\Users\Ben\Desktop\FYP\FinalYearProject\box2d\heybox2d\build_heybox2d_vc11\Debug_HeyBox2D_vc11_gcc_arm\HeyBox2D.s3e"
         
         :VCEnd
         C:\Marmalade\7.4\s3e\python\python.exe .\process_map.py "c:\Users\Ben\Desktop\FYP\FinalYearProject\box2d\heybox2d\build_heybox2d_vc11\Debug_HeyBox2D_vc11_gcc_arm\HeyBox2D.s3e"
     1>Done Building Project "c:\Users\Ben\Desktop\FYP\FinalYearProject\box2d\heybox2d\build_heybox2d_vc11\HeyBox2D_vc11.vcxproj" (Build target(s)).

Build succeeded.

Time Elapsed 00:00:21.60
