c:\users\lab422\desktop\fyp\finalyearproject\build_finalyearproject_vc12\finalyearproject_vc12.stamp
c:\users\lab422\desktop\fyp\finalyearproject\build_finalyearproject_vc12\debug_finalyearproject_vc12_x86\bulletmanager.obj
c:\users\lab422\desktop\fyp\finalyearproject\build_finalyearproject_vc12\debug_finalyearproject_vc12_x86\finalyearproject.obj
c:\users\lab422\desktop\fyp\finalyearproject\build_finalyearproject_vc12\debug_finalyearproject_vc12_x86\pvrtextool_interface.obj
c:\users\lab422\desktop\fyp\finalyearproject\build_finalyearproject_vc12\debug_finalyearproject_vc12_x86\bullet.obj
c:\users\lab422\desktop\fyp\finalyearproject\build_finalyearproject_vc12\debug_finalyearproject_vc12_x86\game.obj
c:\users\lab422\desktop\fyp\finalyearproject\build_finalyearproject_vc12\debug_finalyearproject_vc12_x86\iwtween.obj
c:\users\lab422\desktop\fyp\finalyearproject\build_finalyearproject_vc12\debug_finalyearproject_vc12_x86\collisions.obj
c:\users\lab422\desktop\fyp\finalyearproject\build_finalyearproject_vc12\debug_finalyearproject_vc12_x86\iw2dscenegraphcore.obj
c:\users\lab422\desktop\fyp\finalyearproject\build_finalyearproject_vc12\debug_finalyearproject_vc12_x86\input.obj
c:\users\lab422\desktop\fyp\finalyearproject\build_finalyearproject_vc12\debug_finalyearproject_vc12_x86\scene.obj
c:\users\lab422\desktop\fyp\finalyearproject\build_finalyearproject_vc12\debug_finalyearproject_vc12_x86\resources.obj
c:\users\lab422\desktop\fyp\finalyearproject\build_finalyearproject_vc12\debug_finalyearproject_vc12_x86\weapon.obj
c:\users\lab422\desktop\fyp\finalyearproject\build_finalyearproject_vc12\debug_finalyearproject_vc12_x86\player.obj
c:\users\lab422\desktop\fyp\finalyearproject\build_finalyearproject_vc12\debug_finalyearproject_vc12_x86\iw2dscenegraph.obj
c:\users\lab422\desktop\fyp\finalyearproject\build_finalyearproject_vc12\debug_finalyearproject_vc12_x86\custombuild.command.1.tlog
c:\users\lab422\desktop\fyp\finalyearproject\build_finalyearproject_vc12\debug_finalyearproject_vc12_x86\custombuild.read.1.tlog
c:\users\lab422\desktop\fyp\finalyearproject\build_finalyearproject_vc12\debug_finalyearproject_vc12_x86\custombuild.write.1.tlog
c:\users\lab422\desktop\fyp\finalyearproject\build_finalyearproject_vc12\debug_finalyearproject_vc12_x86\vc120.idb
c:\users\lab422\desktop\fyp\finalyearproject\build_finalyearproject_vc12\debug_finalyearproject_vc12_x86\vc120.pdb
c:\users\lab422\desktop\fyp\finalyearproject\build_finalyearproject_vc12\debug_finalyearproject_vc12_x86\finalyea.52f04d33.tlog\cl.command.1.tlog
c:\users\lab422\desktop\fyp\finalyearproject\build_finalyearproject_vc12\debug_finalyearproject_vc12_x86\finalyea.52f04d33.tlog\cl.read.1.tlog
c:\users\lab422\desktop\fyp\finalyearproject\build_finalyearproject_vc12\debug_finalyearproject_vc12_x86\finalyea.52f04d33.tlog\cl.write.1.tlog
c:\users\lab422\desktop\fyp\finalyearproject\build_finalyearproject_vc12\debug_finalyearproject_vc12_x86\finalyea.52f04d33.tlog\custombuild.command.1.tlog
c:\users\lab422\desktop\fyp\finalyearproject\build_finalyearproject_vc12\debug_finalyearproject_vc12_x86\finalyea.52f04d33.tlog\custombuild.read.1.tlog
c:\users\lab422\desktop\fyp\finalyearproject\build_finalyearproject_vc12\debug_finalyearproject_vc12_x86\finalyea.52f04d33.tlog\custombuild.write.1.tlog
