Build started 21/10/2014 09:38:07.
     1>Project "C:\FYP\FinalYearProject\build_finalyearproject_vc12\FinalYearProject_vc12.vcxproj" on node 2 (Build target(s)).
     1>CustomBuild:
         Performing Custom Build Tools
         msg: option 'default-buildenv' overridden by command line
         C:\Marmalade\7.4\s3e\makefile_builder\mkb.py c:/FYP/FinalYearProject/FinalYearProject.mkb --buildenv=VC12 --fake-vc-call --default-buildenv=vc12 --msvc-project
         Building project: c:/FYP/FinalYearProject/FinalYearProject.mkb
         done
       ClCompile:
         C:\Marmalade\7.4\s3e\bin\CL.exe /c /Ic:/marmalade/7.4/modules/iwutil/h /Ic:/marmalade/7.4/modules/third_party/libjpeg/h /Ic:/marmalade/7.4/modules/third_party/zlib/h /Ic:/marmalade/7.4/modules/third_party/libpng/h /Ic:/marmalade/7.4/modules/iw2dscenegraphcore/h /Ic:/marmalade/7.4/modules/iw2dscenegraph/h /Ic:/marmalade/7.4/modules/iw2d/h /Ic:/marmalade/7.4/modules/iwgx/h /Ic:/marmalade/7.4/modules/iwgl/h /Ic:/marmalade/7.4/modules/iwgeom/h /Ic:/marmalade/7.4/modules/iwresmanager/h /Ic:/marmalade/7.4/extensions/pvrtextool/h /Ic:/marmalade/7.4/modules/iwgxfont/h /Ic:/marmalade/7.4/modules/third_party/tiniconv/source /Ic:/marmalade/7.4/modules/iwtween/h /Ic:/marmalade/7.4/s3e/h /Ic:/marmalade/7.4/s3e/h/ext /Ic:/marmalade/7.4/s3e/h/std /Ic:/marmalade/7.4/s3e/h/std/c++ /Ic:/marmalade/7.4/s3e/h/ext_legacy /Ic:/marmalade/7.4/s3e/h/legacy /I. /Zi /nologo /W3 /WX- /MP /O2 /Oi /Oy- /X /Gm- /EHsc /MT /GS /Gy /fp:precise /Zc:wchar_t /Zc:forScope /Fo"Release_FinalYearProject_vc12_x86\\" /Fd"Release_FinalYearProject_vc12_x86\vc120.pdb" /Gd /TP /analyze- /errorReport:prompt /S3Eproject /J /FI"c:\FYP\FinalYearProject\build_finalyearproject_vc12\temp_defines_release.h" ..\FinalYearProject.cpp ..\..\..\marmalade\7.4\modules\iw2dscenegraph\source\Iw2DSceneGraph.cpp ..\..\..\marmalade\7.4\modules\iw2dscenegraphcore\source\Iw2DSceneGraphCore.cpp ..\..\..\marmalade\7.4\modules\iwtween\source\IwTween.cpp ..\..\..\marmalade\7.4\extensions\pvrtextool\interface\PVRTexTool_interface.cpp
         FinalYearProject.cpp
         Iw2DSceneGraph.cpp
         Iw2DSceneGraphCore.cpp
         IwTween.cpp
         PVRTexTool_interface.cpp
       Link:
         C:\Marmalade\7.4\s3e\bin\link.exe /ERRORREPORT:PROMPT /OUT:"Release_FinalYearProject_vc12_x86\FinalYearProject.s86" /INCREMENTAL:NO /NOLOGO /LIBPATH:c:/marmalade/7.4/modules/iwutil/lib/x86 /LIBPATH:c:/marmalade/7.4/modules/third_party/libjpeg/lib/x86 /LIBPATH:c:/marmalade/7.4/modules/third_party/zlib/lib/x86 /LIBPATH:c:/marmalade/7.4/modules/third_party/libpng/lib/x86 /LIBPATH:c:/marmalade/7.4/modules/iw2d/lib/x86 /LIBPATH:c:/marmalade/7.4/modules/iwgx/atitools /LIBPATH:c:/marmalade/7.4/modules/iwgx/lib/x86 /LIBPATH:c:/marmalade/7.4/modules/iwgl/lib/x86 /LIBPATH:c:/marmalade/7.4/modules/iwgeom/lib/x86 /LIBPATH:c:/marmalade/7.4/modules/iwresmanager/lib/x86 /LIBPATH:c:/marmalade/7.4/modules/iwgxfont/lib/x86 /LIBPATH:c:/marmalade/7.4/modules/third_party/tiniconv/lib/x86 /LIBPATH:c:/marmalade/7.4/s3e/lib/x86 vc6_compat.lib iwutil.lib jpeg.lib z.lib png.lib iw2d.lib ATI_Compress_MT_VC7.lib iwgx.lib iwgl.lib iwgeom.lib iwresmanager.lib iwgxfont.lib tiniconv.lib s3e_cpp.lib s3e.lib s3e_api_iwgl.lib /NODEFAULTLIB:libcmt /MANIFEST:NO /PDB:"Release_FinalYearProject_vc12_x86\FinalYearProject.pdb" /SUBSYSTEM:WINDOWS /OPT:REF /OPT:ICF /TLBID:1 /ENTRY:"DllEntryPoint" /DYNAMICBASE /NXCOMPAT /IMPLIB:"Release_FinalYearProject_vc12_x86\FinalYearProject.lib" /MACHINE:X86  /include:_IwMain /include:_raise /include:_DllEntryPoint@12 /force:multiple /DLL Release_FinalYearProject_vc12_x86\FinalYearProject.obj
         Release_FinalYearProject_vc12_x86\Iw2DSceneGraph.obj
         Release_FinalYearProject_vc12_x86\Iw2DSceneGraphCore.obj
         Release_FinalYearProject_vc12_x86\IwTween.obj
         Release_FinalYearProject_vc12_x86\PVRTexTool_interface.obj
     1>LIBCMTD.lib(strtoq.obj) : warning LNK4006: _strtof already defined in s3e.lib(iwcrt_common.obj); second definition ignored
     1>LIBCMTD.lib(sscanf.obj) : warning LNK4006: _vsscanf already defined in s3e.lib(iwcrt_win32.obj); second definition ignored
            Creating library Release_FinalYearProject_vc12_x86\FinalYearProject.lib and object Release_FinalYearProject_vc12_x86\FinalYearProject.exp
     1>Release_FinalYearProject_vc12_x86\FinalYearProject.s86 : warning LNK4088: image being generated due to /FORCE option; image may not run
         FinalYearProject_vc12.vcxproj -> C:\FYP\FinalYearProject\build_finalyearproject_vc12\Release_FinalYearProject_vc12_x86\FinalYearProject.s86
       PostBuildEvent:
         echo C:\Marmalade\7.4\s3e\python\python.exe .\process_map.py "C:\FYP\FinalYearProject\build_finalyearproject_vc12\Release_FinalYearProject_vc12_x86\FinalYearProject.s86"
         chdir /d "c:\marmalade\7.4\s3e\tools"
         C:\Marmalade\7.4\s3e\python\python.exe .\process_map.py "C:\FYP\FinalYearProject\build_finalyearproject_vc12\Release_FinalYearProject_vc12_x86\FinalYearProject.s86"
         echo "s3e_plink" -l "C:\FYP\FinalYearProject\build_finalyearproject_vc12\Release_FinalYearProject_vc12_x86\FinalYearProject.s86" 
         chdir /d "c:\marmalade\7.4\s3e\bin"
         "s3e_plink" -l "C:\FYP\FinalYearProject\build_finalyearproject_vc12\Release_FinalYearProject_vc12_x86\FinalYearProject.s86" 
         
         :VCEnd
         C:\Marmalade\7.4\s3e\python\python.exe .\process_map.py "C:\FYP\FinalYearProject\build_finalyearproject_vc12\Release_FinalYearProject_vc12_x86\FinalYearProject.s86"
         "s3e_plink" -l "C:\FYP\FinalYearProject\build_finalyearproject_vc12\Release_FinalYearProject_vc12_x86\FinalYearProject.s86" 
     1>Done Building Project "C:\FYP\FinalYearProject\build_finalyearproject_vc12\FinalYearProject_vc12.vcxproj" (Build target(s)).

Build succeeded.

Time Elapsed 00:00:04.14
